Base path: H:/Program Files (x86)/Unity/Editor/Data
Pipe name: \\.\pipe\UnityShaderCompiler-1-12092
Cmd: getPlatforms
Cmd: preprocess
  insize=847 outsize=342 ok=1
Cmd: compileSnippet
  api=4 type=0 insize=810 outsize=1388 kw= ok=1
Cmd: compileSnippet
  api=4 type=1 insize=810 outsize=600 kw= ok=1
Cmd: preprocess
  insize=1072 outsize=260 ok=1
Cmd: compileSnippet
  api=4 type=0 insize=1118 outsize=1493 kw=LIGHTMAP_OFF ok=1
Cmd: compileSnippet
  api=4 type=1 insize=1118 outsize=746 kw=LIGHTMAP_OFF ok=1
Cmd: preprocess
  insize=945 outsize=501 ok=1
Cmd: compileSnippet
  api=4 type=0 insize=749 outsize=1225 kw= ok=1
Cmd: compileSnippet
  api=4 type=1 insize=749 outsize=713 kw= ok=1
Cmd: preprocess
  insize=2368 outsize=692 ok=1
Cmd: compileSnippet
  api=4 type=0 insize=1984 outsize=3622 kw=LIGHTMAP_OFF ok=1
Cmd: compileSnippet
  api=4 type=1 insize=1984 outsize=2273 kw=LIGHTMAP_OFF ok=1
Cmd: preprocess
  insize=1544 outsize=374 ok=1
Cmd: compileSnippet
  api=4 type=0 insize=1413 outsize=1103 kw= ok=1
Cmd: compileSnippet
  api=4 type=1 insize=1413 outsize=1136 kw= ok=1
Cmd: preprocess
  insize=1433 outsize=550 ok=1
Cmd: compileSnippet
  api=4 type=0 insize=1189 outsize=1697 kw= ok=1
Cmd: compileSnippet
  api=4 type=1 insize=1189 outsize=1282 kw= ok=1
Cmd: preprocess
  insize=1433 outsize=685 ok=1
Cmd: compileSnippet
  api=4 type=0 insize=1053 outsize=1542 kw= ok=1
Cmd: compileSnippet
  api=4 type=1 insize=1053 outsize=876 kw= ok=1
Cmd: preprocess
  insize=4462 outsize=1030 ok=1
Cmd: compileSnippet
  api=4 type=0 insize=2756 outsize=5702 kw= ok=1
Cmd: compileSnippet
  api=4 type=1 insize=2756 outsize=2355 kw= ok=1
Cmd: compileSnippet
  api=4 type=0 insize=2408 outsize=4199 kw= ok=1
Cmd: compileSnippet
  api=4 type=1 insize=2408 outsize=1298 kw= ok=1
Cmd: preprocess
  insize=1007 outsize=446 ok=1
Cmd: compileSnippet
  api=4 type=0 insize=866 outsize=1477 kw= ok=1
Cmd: compileSnippet
  api=4 type=1 insize=866 outsize=754 kw= ok=1
Cmd: preprocess
  insize=3165 outsize=779 ok=1
Cmd: compileSnippet
  api=4 type=0 insize=2001 outsize=4102 kw= ok=1
Cmd: compileSnippet
  api=4 type=1 insize=2001 outsize=2737 kw= ok=1
Cmd: compileSnippet
  api=4 type=0 insize=1528 outsize=1883 kw= ok=1
Cmd: compileSnippet
  api=4 type=1 insize=1528 outsize=1323 kw= ok=1
Cmd: preprocess
  insize=3642 outsize=1074 ok=1
Cmd: compileSnippet
  api=4 type=0 insize=2152 outsize=3557 kw=LIGHTMAP_OFF ok=1
Cmd: compileSnippet
  api=4 type=1 insize=2152 outsize=2403 kw=LIGHTMAP_OFF ok=1
Cmd: compileSnippet
  api=4 type=0 insize=1541 outsize=1307 kw=LIGHTMAP_OFF ok=1
Cmd: compileSnippet
  api=4 type=1 insize=1541 outsize=713 kw=LIGHTMAP_OFF ok=1
Cmd: preprocess
  insize=791 outsize=381 ok=1
Cmd: compileSnippet
  api=4 type=0 insize=715 outsize=1225 kw= ok=1
Cmd: compileSnippet
  api=4 type=1 insize=715 outsize=600 kw= ok=1
Cmd: preprocess
  insize=1489 outsize=689 ok=1
Cmd: compileSnippet
  api=4 type=0 insize=1106 outsize=1591 kw= ok=1
Cmd: compileSnippet
  api=4 type=1 insize=1106 outsize=876 kw= ok=1
Cmd: preprocess
  insize=3745 outsize=589 ok=1
Cmd: compileSnippet
  api=4 type=0 insize=3284 outsize=1558 kw= ok=1
Cmd: compileSnippet
  api=4 type=1 insize=3284 outsize=2135 kw= ok=1
Cmd: compileSnippet
  api=4 type=0 insize=3295 outsize=1558 kw= ok=1
Cmd: compileSnippet
  api=4 type=1 insize=3295 outsize=1575 kw= ok=1
Cmd: compileSnippet
  api=4 type=0 insize=3308 outsize=990 kw= ok=1
Cmd: compileSnippet
  api=4 type=1 insize=3308 outsize=1095 kw= ok=1
Cmd: preprocess
  insize=1621 outsize=478 ok=1
Cmd: compileSnippet
  api=4 type=0 insize=1445 outsize=2054 kw= ok=1
Cmd: compileSnippet
  api=4 type=1 insize=1445 outsize=1412 kw= ok=1
Cmd: preprocess
  insize=4282 outsize=954 ok=1
Cmd: compileSnippet
  api=4 type=0 insize=2697 outsize=5702 kw= ok=1
Cmd: compileSnippet
  api=4 type=1 insize=2697 outsize=2493 kw= ok=1
Cmd: compileSnippet
  api=4 type=0 insize=2323 outsize=2330 kw= ok=1
Cmd: compileSnippet
  api=4 type=1 insize=2323 outsize=1396 kw= ok=1
Cmd: preprocess
  insize=969 outsize=479 ok=1
Cmd: compileSnippet
  api=4 type=0 insize=795 outsize=1307 kw= ok=1
Cmd: compileSnippet
  api=4 type=1 insize=795 outsize=713 kw= ok=1
Cmd: preprocess
  insize=1006 outsize=447 ok=1
Cmd: compileSnippet
  api=4 type=0 insize=864 outsize=1477 kw= ok=1
Cmd: compileSnippet
  api=4 type=1 insize=864 outsize=754 kw= ok=1
Cmd: preprocess
  insize=7324 outsize=1538 ok=1
Cmd: compileSnippet
  api=4 type=0 insize=5385 outsize=990 kw= ok=1
Cmd: compileSnippet
  api=4 type=1 insize=5385 outsize=941 kw= ok=1
Cmd: compileSnippet
  api=4 type=0 insize=5385 outsize=990 kw= ok=1
Cmd: compileSnippet
  api=4 type=1 insize=5385 outsize=1697 kw= ok=1
Cmd: compileSnippet
  api=4 type=0 insize=5385 outsize=990 kw= ok=1
Cmd: compileSnippet
  api=4 type=1 insize=5385 outsize=1688 kw= ok=1
Cmd: compileSnippet
  api=4 type=0 insize=5384 outsize=1526 kw= ok=1
Cmd: compileSnippet
  api=4 type=1 insize=5384 outsize=1258 kw= ok=1
Cmd: compileSnippet
  api=4 type=0 insize=5386 outsize=990 kw= ok=1
Cmd: compileSnippet
  api=4 type=1 insize=5386 outsize=1160 kw= ok=1
Cmd: compileSnippet
  api=4 type=0 insize=5393 outsize=1526 kw= ok=1
Cmd: compileSnippet
  api=4 type=1 insize=5393 outsize=1388 kw= ok=1
Cmd: compileSnippet
  api=4 type=0 insize=5383 outsize=1347 kw= ok=1
Cmd: compileSnippet
  api=4 type=1 insize=5383 outsize=1680 kw= ok=1
Cmd: preprocess
  insize=3646 outsize=731 ok=1
Cmd: compileSnippet
  api=4 type=0 insize=1960 outsize=2493 kw=LIGHTMAP_OFF ok=1
Cmd: compileSnippet
  api=4 type=1 insize=1960 outsize=2078 kw=LIGHTMAP_OFF ok=1
Cmd: compileSnippet
  api=4 type=0 insize=1972 outsize=2493 kw=LIGHTMAP_OFF ok=1
Cmd: compileSnippet
  api=4 type=1 insize=1972 outsize=1380 kw=LIGHTMAP_OFF ok=1
Cmd: preprocess
  insize=1176 outsize=382 ok=1
Cmd: compileSnippet
  api=4 type=0 insize=1099 outsize=1940 kw= ok=1
Cmd: compileSnippet
  api=4 type=1 insize=1099 outsize=746 kw= ok=1
Cmd: preprocess
  insize=3077 outsize=782 ok=1
Cmd: compileSnippet
  api=4 type=0 insize=1846 outsize=3744 kw= ok=1
Cmd: compileSnippet
  api=4 type=1 insize=1846 outsize=2696 kw= ok=1
Cmd: compileSnippet
  api=4 type=0 insize=1551 outsize=2095 kw=LIGHTMAP_OFF ok=1
Cmd: compileSnippet
  api=4 type=1 insize=1551 outsize=941 kw=LIGHTMAP_OFF ok=1
Cmd: preprocess
  insize=885 outsize=441 ok=1
Cmd: preprocess
  insize=844 outsize=358 ok=1
Cmd: compileSnippet
  api=4 type=0 insize=788 outsize=1136 kw= ok=1
Cmd: compileSnippet
  api=4 type=1 insize=788 outsize=770 kw= ok=1
Cmd: preprocess
  insize=996 outsize=437 ok=1
Cmd: preprocess
  insize=4844 outsize=843 ok=1
Cmd: compileSnippet
  api=4 type=0 insize=3981 outsize=990 kw= ok=1
Cmd: compileSnippet
  api=4 type=1 insize=3981 outsize=803 kw= ok=1
Cmd: compileSnippet
  api=4 type=0 insize=3978 outsize=1737 kw= ok=1
Cmd: compileSnippet
  api=4 type=1 insize=3978 outsize=1534 kw= ok=1
Cmd: compileSnippet
  api=4 type=0 insize=3997 outsize=1623 kw= ok=1
Cmd: compileSnippet
  api=4 type=1 insize=3997 outsize=1307 kw= ok=1
Cmd: compileSnippet
  api=4 type=0 insize=3999 outsize=1623 kw= ok=1
Cmd: compileSnippet
  api=4 type=1 insize=3999 outsize=1307 kw= ok=1
Cmd: compileSnippet
  api=4 type=0 insize=3994 outsize=990 kw= ok=1
Cmd: compileSnippet
  api=4 type=1 insize=3994 outsize=1209 kw= ok=1
Cmd: compileSnippet
  api=4 type=0 insize=3986 outsize=1737 kw= ok=1
Cmd: compileSnippet
  api=4 type=1 insize=3986 outsize=1615 kw= ok=1
Cmd: preprocess
  insize=976 outsize=457 ok=1
Cmd: compileSnippet
  api=4 type=0 insize=824 outsize=1428 kw= ok=1
Cmd: compileSnippet
  api=4 type=1 insize=824 outsize=754 kw= ok=1
Cmd: preprocess
  insize=3138 outsize=1381 ok=1
Cmd: compileSnippet
  api=4 type=0 insize=1042 outsize=1307 kw= ok=1
Cmd: compileSnippet
  api=4 type=1 insize=1042 outsize=892 kw= ok=1
Cmd: compileSnippet
  api=4 type=0 insize=1031 outsize=1307 kw= ok=1
Cmd: compileSnippet
  api=4 type=1 insize=1031 outsize=770 kw= ok=1
Cmd: compileSnippet
  api=4 type=0 insize=973 outsize=1225 kw= ok=1
Cmd: compileSnippet
  api=4 type=1 insize=973 outsize=673 kw= ok=1
Cmd: compileSnippet
  api=4 type=0 insize=998 outsize=1307 kw= ok=1
Cmd: compileSnippet
  api=4 type=1 insize=998 outsize=673 kw= ok=1
Cmd: preprocess
  insize=1042 outsize=433 ok=1
Cmd: compileSnippet
  api=4 type=0 insize=914 outsize=1396 kw= ok=1
Cmd: compileSnippet
  api=4 type=1 insize=914 outsize=803 kw= ok=1
Cmd: preprocess
  insize=865 outsize=409 ok=1
Cmd: compileSnippet
  api=4 type=0 insize=761 outsize=1307 kw= ok=1
Cmd: compileSnippet
  api=4 type=1 insize=761 outsize=600 kw= ok=1
Cmd: preprocess
  insize=2487 outsize=742 ok=1
Cmd: compileSnippet
  api=4 type=0 insize=2053 outsize=3622 kw=LIGHTMAP_OFF ok=1
Cmd: compileSnippet
  api=4 type=1 insize=2053 outsize=2290 kw=LIGHTMAP_OFF ok=1
Cmd: compileSnippet
  api=4 type=0 insize=2152 outsize=3744 kw=LIGHTMAP_ON ok=1
Cmd: compileSnippet
  api=4 type=1 insize=2152 outsize=2753 kw=LIGHTMAP_ON ok=1
Cmd: compileSnippet
  api=4 type=0 insize=2053 outsize=3671 kw=LIGHTMAP_ON ok=1
Cmd: compileSnippet
  api=4 type=1 insize=2053 outsize=2550 kw=LIGHTMAP_ON ok=1
Cmd: compileSnippet
  api=4 type=0 insize=1960 outsize=2680 kw=LIGHTMAP_ON ok=1
Cmd: compileSnippet
  api=4 type=1 insize=1960 outsize=2452 kw=LIGHTMAP_ON ok=1
Cmd: compileSnippet
  api=4 type=0 insize=1984 outsize=3671 kw=LIGHTMAP_ON ok=1
Cmd: compileSnippet
  api=4 type=1 insize=1984 outsize=2493 kw=LIGHTMAP_ON ok=1
